  analizador_sintactico.cpp
D:\CUCEI\7mo\Sem Traductores II\analizador_sintactico\lexico.h(159,31): warning C4566: el carácter representado por el nombre de carácter universal '\uFFFD' no se puede representar en la página de códigos actual (1252)
D:\CUCEI\7mo\Sem Traductores II\analizador_sintactico\lexico.h(404,31): warning C4566: el carácter representado por el nombre de carácter universal '\uFFFD' no se puede representar en la página de códigos actual (1252)
D:\CUCEI\7mo\Sem Traductores II\analizador_sintactico\lexico.h(633,31): warning C4566: el carácter representado por el nombre de carácter universal '\uFFFD' no se puede representar en la página de códigos actual (1252)
D:\CUCEI\7mo\Sem Traductores II\analizador_sintactico\lexico.h(760,55): warning C4267: 'inicializando': conversión de 'size_t' a 'int'; posible pérdida de datos
D:\CUCEI\7mo\Sem Traductores II\analizador_sintactico\lexico.h(818,32): warning C4267: 'inicializando': conversión de 'size_t' a 'int'; posible pérdida de datos
D:\CUCEI\7mo\Sem Traductores II\analizador_sintactico\sintactico.h(130,39): warning C4267: 'inicializando': conversión de 'size_t' a 'int'; posible pérdida de datos
D:\CUCEI\7mo\Sem Traductores II\analizador_sintactico\sintactico.h(139,40): warning C4267: '=': conversión de 'size_t' a 'int'; posible pérdida de datos
D:\CUCEI\7mo\Sem Traductores II\analizador_sintactico\sintactico.h(140,38): warning C4267: '=': conversión de 'size_t' a 'int'; posible pérdida de datos
D:\CUCEI\7mo\Sem Traductores II\analizador_sintactico\sintactico.h(146,38): warning C4267: '=': conversión de 'size_t' a 'int'; posible pérdida de datos
D:\CUCEI\7mo\Sem Traductores II\analizador_sintactico\sintactico.h(147,30): warning C4267: '=': conversión de 'size_t' a 'int'; posible pérdida de datos
D:\CUCEI\7mo\Sem Traductores II\analizador_sintactico\sintactico.h(173,51): warning C4267: 'argumento': conversión de 'size_t' a 'int'; posible pérdida de datos
D:\CUCEI\7mo\Sem Traductores II\analizador_sintactico\sintactico.h(198,38): warning C4267: '=': conversión de 'size_t' a 'int'; posible pérdida de datos
D:\CUCEI\7mo\Sem Traductores II\analizador_sintactico\sintactico.h(236,38): warning C4267: 'inicializando': conversión de 'size_t' a 'int'; posible pérdida de datos
D:\CUCEI\7mo\Sem Traductores II\analizador_sintactico\sintactico.h(248,35): warning C4305: '=': truncamiento de 'int' a 'char'
D:\CUCEI\7mo\Sem Traductores II\analizador_sintactico\sintactico.h(248,30): warning C4309: '=': truncamiento de valor constante
D:\CUCEI\7mo\Sem Traductores II\analizador_sintactico\sintactico.h(337,43): warning C4267: 'inicializando': conversión de 'size_t' a 'int'; posible pérdida de datos
D:\CUCEI\7mo\Sem Traductores II\analizador_sintactico\sintactico.h(382,38): warning C4267: 'inicializando': conversión de 'size_t' a 'int'; posible pérdida de datos
D:\CUCEI\7mo\Sem Traductores II\analizador_sintactico\sintactico.h(585,32): warning C4267: 'inicializando': conversión de 'size_t' a 'int'; posible pérdida de datos
D:\CUCEI\7mo\Sem Traductores II\analizador_sintactico\sintactico.h(945,37): warning C4267: 'inicializando': conversión de 'size_t' a 'int'; posible pérdida de datos
D:\CUCEI\7mo\Sem Traductores II\analizador_sintactico\sintactico.h(976,37): warning C4267: 'inicializando': conversión de 'size_t' a 'int'; posible pérdida de datos
D:\CUCEI\7mo\Sem Traductores II\analizador_sintactico\sintactico.h(991,37): warning C4267: 'inicializando': conversión de 'size_t' a 'int'; posible pérdida de datos
D:\CUCEI\7mo\Sem Traductores II\analizador_sintactico\sintactico.h(1011,35): warning C4267: 'inicializando': conversión de 'size_t' a 'int'; posible pérdida de datos
D:\CUCEI\7mo\Sem Traductores II\analizador_sintactico\sintactico.h(1035,37): warning C4267: 'inicializando': conversión de 'size_t' a 'int'; posible pérdida de datos
D:\CUCEI\7mo\Sem Traductores II\analizador_sintactico\sintactico.h(1052,38): warning C4267: 'inicializando': conversión de 'size_t' a 'int'; posible pérdida de datos
D:\CUCEI\7mo\Sem Traductores II\analizador_sintactico\sintactico.h(1077,35): warning C4267: 'inicializando': conversión de 'size_t' a 'int'; posible pérdida de datos
D:\CUCEI\7mo\Sem Traductores II\analizador_sintactico\sintactico.h(1092,37): warning C4267: 'inicializando': conversión de 'size_t' a 'int'; posible pérdida de datos
D:\CUCEI\7mo\Sem Traductores II\analizador_sintactico\sintactico.h(1118,40): warning C4267: '+=': conversión de 'size_t' a 'int'; posible pérdida de datos
D:\CUCEI\7mo\Sem Traductores II\analizador_sintactico\sintactico.h(1128,40): warning C4267: '+=': conversión de 'size_t' a 'int'; posible pérdida de datos
D:\CUCEI\7mo\Sem Traductores II\analizador_sintactico\sintactico.h(1130,36): warning C4267: '+=': conversión de 'size_t' a 'int'; posible pérdida de datos
D:\CUCEI\7mo\Sem Traductores II\analizador_sintactico\sintactico.h(1136,36): warning C4267: '+=': conversión de 'size_t' a 'int'; posible pérdida de datos
D:\CUCEI\7mo\Sem Traductores II\analizador_sintactico\sintactico.h(1152,29): warning C4566: el carácter representado por el nombre de carácter universal '\uFFFD' no se puede representar en la página de códigos actual (1252)
D:\CUCEI\7mo\Sem Traductores II\analizador_sintactico\sintactico.h(1169,37): warning C4267: 'inicializando': conversión de 'size_t' a 'int'; posible pérdida de datos
D:\CUCEI\7mo\Sem Traductores II\analizador_sintactico\sintactico.h(1188,40): warning C4267: '+=': conversión de 'size_t' a 'int'; posible pérdida de datos
D:\CUCEI\7mo\Sem Traductores II\analizador_sintactico\sintactico.h(1218,37): warning C4267: 'inicializando': conversión de 'size_t' a 'int'; posible pérdida de datos
D:\CUCEI\7mo\Sem Traductores II\analizador_sintactico\sintactico.h(1238,40): warning C4267: '+=': conversión de 'size_t' a 'int'; posible pérdida de datos
D:\CUCEI\7mo\Sem Traductores II\analizador_sintactico\sintactico.h(1246,36): warning C4267: '+=': conversión de 'size_t' a 'int'; posible pérdida de datos
D:\CUCEI\7mo\Sem Traductores II\analizador_sintactico\sintactico.h(1254,40): warning C4267: '+=': conversión de 'size_t' a 'int'; posible pérdida de datos
D:\CUCEI\7mo\Sem Traductores II\analizador_sintactico\sintactico.h(1263,40): warning C4267: '+=': conversión de 'size_t' a 'int'; posible pérdida de datos
D:\CUCEI\7mo\Sem Traductores II\analizador_sintactico\sintactico.h(1265,36): warning C4267: '+=': conversión de 'size_t' a 'int'; posible pérdida de datos
D:\CUCEI\7mo\Sem Traductores II\analizador_sintactico\sintactico.h(1271,36): warning C4267: '+=': conversión de 'size_t' a 'int'; posible pérdida de datos
D:\CUCEI\7mo\Sem Traductores II\analizador_sintactico\sintactico.h(1290,29): warning C4566: el carácter representado por el nombre de carácter universal '\uFFFD' no se puede representar en la página de códigos actual (1252)
D:\CUCEI\7mo\Sem Traductores II\analizador_sintactico\sintactico.h(1306,37): warning C4267: 'inicializando': conversión de 'size_t' a 'int'; posible pérdida de datos
D:\CUCEI\7mo\Sem Traductores II\analizador_sintactico\sintactico.h(1316,37): warning C4267: 'inicializando': conversión de 'size_t' a 'int'; posible pérdida de datos
D:\CUCEI\7mo\Sem Traductores II\analizador_sintactico\sintactico.h(1325,28): warning C4267: '+=': conversión de 'size_t' a 'int'; posible pérdida de datos
D:\CUCEI\7mo\Sem Traductores II\analizador_sintactico\sintactico.h(1344,39): warning C4267: '=': conversión de 'size_t' a 'int'; posible pérdida de datos
D:\CUCEI\7mo\Sem Traductores II\analizador_sintactico\sintactico.h(1353,39): warning C4267: '=': conversión de 'size_t' a 'int'; posible pérdida de datos
D:\CUCEI\7mo\Sem Traductores II\analizador_sintactico\sintactico.h(1369,29): warning C4129: '[': secuencia de escape de carácter no reconocida
D:\CUCEI\7mo\Sem Traductores II\analizador_sintactico\sintactico.h(1369,29): warning C4566: el carácter representado por el nombre de carácter universal '\uFFFD' no se puede representar en la página de códigos actual (1252)
D:\CUCEI\7mo\Sem Traductores II\analizador_sintactico\sintactico.h(1384,37): warning C4267: 'inicializando': conversión de 'size_t' a 'int'; posible pérdida de datos
D:\CUCEI\7mo\Sem Traductores II\analizador_sintactico\sintactico.h(1410,40): warning C4267: '+=': conversión de 'size_t' a 'int'; posible pérdida de datos
D:\CUCEI\7mo\Sem Traductores II\analizador_sintactico\sintactico.h(1420,40): warning C4267: '+=': conversión de 'size_t' a 'int'; posible pérdida de datos
D:\CUCEI\7mo\Sem Traductores II\analizador_sintactico\sintactico.h(1422,36): warning C4267: '+=': conversión de 'size_t' a 'int'; posible pérdida de datos
D:\CUCEI\7mo\Sem Traductores II\analizador_sintactico\sintactico.h(1428,36): warning C4267: '+=': conversión de 'size_t' a 'int'; posible pérdida de datos
D:\CUCEI\7mo\Sem Traductores II\analizador_sintactico\sintactico.h(1444,29): warning C4566: el carácter representado por el nombre de carácter universal '\uFFFD' no se puede representar en la página de códigos actual (1252)
D:\CUCEI\7mo\Sem Traductores II\analizador_sintactico\analizador_sintactico.cpp(31,10): warning C4101: 'opc': variable local sin referencia
D:\CUCEI\7mo\Sem Traductores II\analizador_sintactico\lexico.h(257): warning C4715: 'analizar_cadena_lexico': no todas las rutas de acceso de control devuelven un valor
D:\CUCEI\7mo\Sem Traductores II\analizador_sintactico\sintactico.h(184): warning C4715: 'analizarArchivo': no todas las rutas de acceso de control devuelven un valor
  analizador_sintactico.vcxproj -> D:\CUCEI\7mo\Sem Traductores II\analizador_sintactico\x64\Debug\analizador_sintactico.exe
